> Task :app:checkKotlinGradlePluginConfigurationErrors
> Task :app:preBuild UP-TO-DATE
> Task :app:preDebugBuild UP-TO-DATE
> Task :app:generateDebugResValues
> Task :app:processDebugGoogleServices
> Task :app:checkDebugAarMetadata
> Task :app:mapDebugSourceSetPaths
> Task :app:generateDebugResources
> Task :app:packageDebugResources
> Task :app:createDebugCompatibleScreenManifests
> Task :app:parseDebugLocalResources
> Task :app:extractDeepLinksDebug
> Task :app:processDebugMainManifest
> Task :app:processDebugManifest
> Task :app:processDebugManifestForPackage
> Task :app:mergeDebugResources
> Task :app:processDebugResources
> Task :app:kaptGenerateStubsDebugKotlin
> Task :app:kaptDebugKotlin

> Task :app:compileDebugKotlin FAILED
gradle : e: file:///C
:/Users/user/idesign4
u1/ShoppingListApp/ap
p/src/main/java/com/s
hoppinglist/app/ui/co
mponents/EmptyStateCo
mponent.kt:49:18 
Unresolved 
reference: 
graphicsLayer
At line:1 char:1
+ gradle 
compileDebugKotlin > 
error.txt 2>&1
+ ~~~~~~~~~~~~~~~~~~~
~~~~~~~~~~~~~~~~~~~~~
~~
    + CategoryInfo   
           : NotSpe  
  cified: (e: file   
 :///C:/U...: gra    
phicsLayer:Strin    
g) [], RemoteExc    
eption
    + FullyQualified 
   ErrorId : Native  
  CommandError
 
e: file:///C:/Users/u
ser/idesign4u1/Shoppi
ngListApp/app/src/mai
n/java/com/shoppingli
st/app/ui/components/
EmptyStateComponent.k
t:50:21 Unresolved 
reference: scaleX
e: file:///C:/Users/u
ser/idesign4u1/Shoppi
ngListApp/app/src/mai
n/java/com/shoppingli
st/app/ui/components/
EmptyStateComponent.k
t:51:21 Unresolved 
reference: scaleY
e: file:///C:/Users/u
ser/idesign4u1/Shoppi
ngListApp/app/src/mai
n/java/com/shoppingli
st/app/ui/components/
LoadingComponent.kt:2
17:22 Unresolved 
reference: 
graphicsLayer
e: file:///C:/Users/u
ser/idesign4u1/Shoppi
ngListApp/app/src/mai
n/java/com/shoppingli
st/app/ui/components/
LoadingComponent.kt:2
18:25 Unresolved 
reference: scaleX
e: file:///C:/Users/u
ser/idesign4u1/Shoppi
ngListApp/app/src/mai
n/java/com/shoppingli
st/app/ui/components/
LoadingComponent.kt:2
19:25 Unresolved 
reference: scaleY
e: file:///C:/Users/u
ser/idesign4u1/Shoppi
ngListApp/app/src/mai
n/java/com/shoppingli
st/app/ui/screens/aut
h/AuthScreen.kt:112:6
8 Unresolved 
reference: 
default_web_client_id
e: file:///C:/Users/u
ser/idesign4u1/Shoppi
ngListApp/app/src/mai
n/java/com/shoppingli
st/app/ui/screens/hom
e/HomeScreen.kt:291:3
3 Unresolved 
reference: 
HorizontalDivider
e: file:///C:/Users/u
ser/idesign4u1/Shoppi
ngListApp/app/src/mai
n/java/com/shoppingli
st/app/ui/screens/hom
e/HomeScreen.kt:348:2
5 None of the 
following functions 
can be called with 
the arguments 
supplied: 
public fun LinearProg
ressIndicator(modifie
r: Modifier = ..., 
color: Color = ..., 
trackColor: Color = 
..., strokeCap: 
StrokeCap = ...): 
Unit defined in andro
idx.compose.material3
public fun LinearProg
ressIndicator(progres
s: Float, modifier: 
Modifier = ..., 
color: Color = ..., 
trackColor: Color = 
..., strokeCap: 
StrokeCap = ...): 
Unit defined in andro
idx.compose.material3
e: file:///C:/Users/u
ser/idesign4u1/Shoppi
ngListApp/app/src/mai
n/java/com/shoppingli
st/app/ui/screens/lis
tdetail/ListDetailScr
een.kt:97:25 
Unresolved 
reference: 
HorizontalDivider
e: file:///C:/Users/u
ser/idesign4u1/Shoppi
ngListApp/app/src/mai
n/java/com/shoppingli
st/app/ui/screens/lis
tdetail/ListDetailScr
een.kt:297:9 
Overload resolution 
ambiguity: 
public fun ShareListD
ialog(onDismiss: () 
-> Unit, onConfirm: 
(String) -> Unit): 
Unit defined in com.s
hoppinglist.app.ui.sc
reens.listdetail in 
file 
ListDetailScreen.kt
public fun ShareListD
ialog(onDismiss: () 
-> Unit, onConfirm: 
(String) -> Unit): 
Unit defined in com.s
hoppinglist.app.ui.sc
reens.listdetail in 
file 
ListDetailScreen.kt
e: file:///C:/Users/u
ser/idesign4u1/Shoppi
ngListApp/app/src/mai
n/java/com/shoppingli
st/app/ui/screens/lis
tdetail/ListDetailScr
een.kt:299:27 Cannot 
infer a type for 
this parameter. 
Please specify it 
explicitly.
e: file:///C:/Users/u
ser/idesign4u1/Shoppi
ngListApp/app/src/mai
n/java/com/shoppingli
st/app/ui/screens/lis
tdetail/ListDetailScr
een.kt:584:1 
Conflicting 
overloads: public 
fun ShareListDialog(o
nDismiss: () -> 
Unit, onConfirm: 
(String) -> Unit): 
Unit defined in com.s
hoppinglist.app.ui.sc
reens.listdetail in 
file 
ListDetailScreen.kt, 
public fun ShareListD
ialog(onDismiss: () 
-> Unit, onConfirm: 
(String) -> Unit): 
Unit defined in com.s
hoppinglist.app.ui.sc
reens.listdetail in 
file 
ListDetailScreen.kt
e: file:///C:/Users/u
ser/idesign4u1/Shoppi
ngListApp/app/src/mai
n/java/com/shoppingli
st/app/ui/screens/lis
tdetail/ListDetailScr
een.kt:620:1 
Conflicting 
overloads: public 
fun ShareListDialog(o
nDismiss: () -> 
Unit, onConfirm: 
(String) -> Unit): 
Unit defined in com.s
hoppinglist.app.ui.sc
reens.listdetail in 
file 
ListDetailScreen.kt, 
public fun ShareListD
ialog(onDismiss: () 
-> Unit, onConfirm: 
(String) -> Unit): 
Unit defined in com.s
hoppinglist.app.ui.sc
reens.listdetail in 
file 
ListDetailScreen.kt

FAILURE: Build 
failed with an 
exception.

* What went wrong:
Execution failed for 
task ':app:compileDeb
ugKotlin'.
> A failure occurred 
while executing org.j
etbrains.kotlin.compi
lerRunner.GradleCompi
lerRunnerWithWorkers$
GradleKotlinCompilerW
orkAction
   > Compilation 
error. See log for 
more details

* Try:
> Run with 
--stacktrace option 
to get the stack 
trace.
> Run with --info or 
--debug option to 
get more log output.
> Run with --scan to 
get full insights.
> Get more help at ht
tps://help.gradle.org
.

BUILD FAILED in 10s
17 actionable tasks: 17 executed
